[debug] [2022-07-29T01:34:05.926Z] ----------------------------------------------------------------------
[debug] [2022-07-29T01:34:05.931Z] Command:       C:\Program Files\nodejs\node.exe C:\Users\rodry\AppData\Roaming\npm\node_modules\firebase-tools\lib\bin\firebase.js init
[debug] [2022-07-29T01:34:05.932Z] CLI Version:   11.4.0
[debug] [2022-07-29T01:34:05.932Z] Platform:      win32
[debug] [2022-07-29T01:34:05.933Z] Node Version:  v16.13.1
[debug] [2022-07-29T01:34:05.935Z] Time:          Thu Jul 28 2022 22:34:05 GMT-0300 (hora estándar de Argentina)
[debug] [2022-07-29T01:34:05.935Z] ----------------------------------------------------------------------
[debug] 
[debug] [2022-07-29T01:34:05.956Z] > command requires scopes: ["email","openid","https://www.googleapis.com/auth/cloudplatformprojects.readonly","https://www.googleapis.com/auth/firebase","https://www.googleapis.com/auth/cloud-platform"]
[debug] [2022-07-29T01:34:05.957Z] > authorizing via signed-in user (alexisrodrigobastias@gmail.com)
[info] 
     ######## #### ########  ######## ########     ###     ######  ########
     ##        ##  ##     ## ##       ##     ##  ##   ##  ##       ##
     ######    ##  ########  ######   ########  #########  ######  ######
     ##        ##  ##    ##  ##       ##     ## ##     ##       ## ##
     ##       #### ##     ## ######## ########  ##     ##  ######  ########

You're about to initialize a Firebase project in this directory:

  C:\Users\rodry\Desktop\Repos\miporfolio-frontend

[info] 
=== Project Setup
[info] 
[info] First, let's associate this project directory with a Firebase project.
[info] You can create multiple project aliases by running firebase use --add, 
[info] but for now we'll just set up a default project.
[info] 
[debug] [2022-07-29T01:34:59.940Z] >>> [apiv2][query] GET https://firebase.googleapis.com/v1beta1/projects pageSize=100
[debug] [2022-07-29T01:35:00.732Z] <<< [apiv2][status] GET https://firebase.googleapis.com/v1beta1/projects 200
[debug] [2022-07-29T01:35:00.733Z] <<< [apiv2][body] GET https://firebase.googleapis.com/v1beta1/projects [omitted]
[info] i  Using project miporfoliowebfront (miporfoliowebfront) 
[info] 
=== Hosting Setup
[info] 
[info] Your public directory is the folder (relative to your project directory) that
[info] will contain Hosting assets to be uploaded with firebase deploy. If you
[info] have a build process for your assets, use your build's output directory.
[info] 
